{"level":"info","$":"MAIN","client_count":5,"name":"20_add_aparat_and_bpd_to_staff_table.sql","time":"2023-09-08T14:02:52+08:00","message":"Starting execution"}
{"level":"info","$":"MAIN","client":"11_08_03_2039","time":"2023-09-08T14:02:52+08:00","message":"Client registered to worker pool"}
{"level":"info","$":"MAIN","client":"11_17_05_2006","time":"2023-09-08T14:02:52+08:00","message":"Client registered to worker pool"}
{"level":"info","$":"MAIN","client":"12_05_01_2014","time":"2023-09-08T14:02:52+08:00","message":"Client registered to worker pool"}
{"level":"info","$":"MAIN","client":"73_11_02_2006","time":"2023-09-08T14:02:52+08:00","message":"Client registered to worker pool"}
{"level":"info","$":"MAIN","client":"99_99_99_9999","time":"2023-09-08T14:02:52+08:00","message":"Client registered to worker pool"}
{"level":"info","$":"WORKER","client":"11_08_03_2039","client":"11_08_03_2039","time":"2023-09-08T14:02:52+08:00","message":"Executing sql against client..."}
{"level":"info","$":"WORKER","client":"12_05_01_2014","client":"12_05_01_2014","time":"2023-09-08T14:02:52+08:00","message":"Executing sql against client..."}
{"level":"info","$":"WORKER","client":"11_17_05_2006","client":"11_17_05_2006","time":"2023-09-08T14:02:52+08:00","message":"Executing sql against client..."}
{"level":"info","$":"WORKER","client":"73_11_02_2006","client":"73_11_02_2006","time":"2023-09-08T14:02:52+08:00","message":"Executing sql against client..."}
{"level":"error","$":"WORKER","client":"11_08_03_2039","error":"migration failed for 20_add_aparat_and_bpd_to_staff_table.sql, version -1: Error 1064 (42000): You have an error in your SQL syntax; check the manual that corresponds to your MySQL server version for the right syntax to use near '(jenis) = VALUES(jenis);\r\n\r\nINSERT INTO pemerintah_staff (id, id_bpd, jenis)\r\nSE' at line 3","time":"2023-09-08T14:02:52+08:00","message":"execution failed"}
{"level":"info","$":"WORKER","client":"11_08_03_2039","client":"11_08_03_2039","time":"2023-09-08T14:02:52+08:00","message":"Finished executing sql"}
{"level":"info","$":"WORKER","client":"99_99_99_9999","client":"99_99_99_9999","time":"2023-09-08T14:02:52+08:00","message":"Executing sql against client..."}
{"level":"error","$":"WORKER","client":"12_05_01_2014","error":"migration failed for 20_add_aparat_and_bpd_to_staff_table.sql, version -1: Error 1064 (42000): You have an error in your SQL syntax; check the manual that corresponds to your MySQL server version for the right syntax to use near '(jenis) = VALUES(jenis);\r\n\r\nINSERT INTO pemerintah_staff (id, id_bpd, jenis)\r\nSE' at line 3","time":"2023-09-08T14:02:52+08:00","message":"execution failed"}
{"level":"info","$":"WORKER","client":"12_05_01_2014","client":"12_05_01_2014","time":"2023-09-08T14:02:52+08:00","message":"Finished executing sql"}
{"level":"error","$":"WORKER","client":"11_17_05_2006","error":"migration failed for 20_add_aparat_and_bpd_to_staff_table.sql, version -1: Error 1064 (42000): You have an error in your SQL syntax; check the manual that corresponds to your MySQL server version for the right syntax to use near '(jenis) = VALUES(jenis);\r\n\r\nINSERT INTO pemerintah_staff (id, id_bpd, jenis)\r\nSE' at line 3","time":"2023-09-08T14:02:52+08:00","message":"execution failed"}
{"level":"error","$":"WORKER","client":"99_99_99_9999","error":"migration failed for 20_add_aparat_and_bpd_to_staff_table.sql, version -1: Error 1064 (42000): You have an error in your SQL syntax; check the manual that corresponds to your MySQL server version for the right syntax to use near '(jenis) = VALUES(jenis);\r\n\r\nINSERT INTO pemerintah_staff (id, id_bpd, jenis)\r\nSE' at line 3","time":"2023-09-08T14:02:52+08:00","message":"execution failed"}
{"level":"info","$":"WORKER","client":"11_17_05_2006","client":"11_17_05_2006","time":"2023-09-08T14:02:52+08:00","message":"Finished executing sql"}
{"level":"info","$":"WORKER","client":"99_99_99_9999","client":"99_99_99_9999","time":"2023-09-08T14:02:52+08:00","message":"Finished executing sql"}
{"level":"error","$":"WORKER","client":"73_11_02_2006","error":"migration failed for 20_add_aparat_and_bpd_to_staff_table.sql, version -1: Error 1064 (42000): You have an error in your SQL syntax; check the manual that corresponds to your MySQL server version for the right syntax to use near '(jenis) = VALUES(jenis);\r\n\r\nINSERT INTO pemerintah_staff (id, id_bpd, jenis)\r\nSE' at line 3","time":"2023-09-08T14:02:52+08:00","message":"execution failed"}
{"level":"info","$":"WORKER","client":"73_11_02_2006","client":"73_11_02_2006","time":"2023-09-08T14:02:52+08:00","message":"Finished executing sql"}
